c:\users\krasn\source\repos\sportprog1\sportprog1\debug\vc142.pdb
c:\users\krasn\source\repos\sportprog1\sportprog1\debug\vc142.idb
c:\users\krasn\source\repos\sportprog1\sportprog1\debug\lec3.obj
c:\users\krasn\source\repos\sportprog1\sportprog1\debug\mergetwoarrays.obj
c:\users\krasn\source\repos\sportprog1\sportprog1\debug\army.obj
c:\users\krasn\source\repos\sportprog1\sportprog1\debug\ppm.obj
c:\users\krasn\source\repos\sportprog1\sportprog1\debug\tableinversion.obj
c:\users\krasn\source\repos\sportprog1\sportprog1\debug\mergesort.obj
c:\users\krasn\source\repos\sportprog1\sportprog1\debug\preparingformergesorting.obj
c:\users\krasn\source\repos\sportprog1\sportprog1\debug\rightplace.obj
c:\users\krasn\source\repos\sportprog1\sportprog1\debug\trickyfunction.obj
c:\users\krasn\source\repos\sportprog1\sportprog1\debug\thewayofjedi.obj
c:\users\krasn\source\repos\sportprog1\sportprog1\debug\cowsandprimitiveroots.obj
c:\users\krasn\source\repos\sportprog1\sportprog1\debug\drobi.obj
c:\users\krasn\source\repos\sportprog1\sportprog1\debug\holidays.obj
c:\users\krasn\source\repos\sportprog1\sportprog1\debug\ancienttemple.obj
c:\users\krasn\source\repos\sportprog1\sportprog1\debug\straightline.obj
c:\users\krasn\source\repos\sportprog1\sportprog1\debug\fractions.obj
c:\users\krasn\source\repos\sportprog1\sportprog1\debug\pressf.obj
c:\users\krasn\source\repos\sportprog1\sportprog1\debug\mintable.obj
c:\users\krasn\source\repos\sportprog1\sportprog1\debug\darts.obj
c:\users\krasn\source\repos\sportprog1\sportprog1\debug\biggestrequest.obj
c:\users\krasn\source\repos\sportprog1\sportprog1\debug\arhangelsk.obj
c:\users\krasn\source\repos\sportprog1\sportprog1\debug\2n.obj
c:\users\krasn\source\repos\sportprog1\sportprog1\debug\2progression.obj
c:\users\krasn\source\repos\sportprog1\sportprog1\debug\3partofarray.obj
c:\users\krasn\source\repos\sportprog1\sportprog1\debug\binarycount1.obj
c:\users\krasn\source\repos\sportprog1\sportprog1\debug\books.obj
c:\users\krasn\source\repos\sportprog1\sportprog1\debug\cellsnotunderattack.obj
c:\users\krasn\source\repos\sportprog1\sportprog1\debug\coins.obj
c:\users\krasn\source\repos\sportprog1\sportprog1\debug\context.obj
c:\users\krasn\source\repos\sportprog1\sportprog1\debug\context2.obj
c:\users\krasn\source\repos\sportprog1\sportprog1\debug\dimaandbadxor.obj
c:\users\krasn\source\repos\sportprog1\sportprog1\debug\expression.obj
c:\users\krasn\source\repos\sportprog1\sportprog1\debug\furyofbattle.obj
c:\users\krasn\source\repos\sportprog1\sportprog1\debug\handle.obj
c:\users\krasn\source\repos\sportprog1\sportprog1\debug\icpc1.obj
c:\users\krasn\source\repos\sportprog1\sportprog1\debug\icpc3.obj
c:\users\krasn\source\repos\sportprog1\sportprog1\debug\ierarhiya.obj
c:\users\krasn\source\repos\sportprog1\sportprog1\debug\ilyaandrequest.obj
c:\users\krasn\source\repos\sportprog1\sportprog1\debug\intervals.obj
c:\users\krasn\source\repos\sportprog1\sportprog1\debug\lecbitoperation.obj
c:\users\krasn\source\repos\sportprog1\sportprog1\debug\littlexor.obj
c:\users\krasn\source\repos\sportprog1\sportprog1\debug\oldhidalgo.obj
c:\users\krasn\source\repos\sportprog1\sportprog1\debug\perebor.obj
c:\users\krasn\source\repos\sportprog1\sportprog1\debug\pirates.obj
c:\users\krasn\source\repos\sportprog1\sportprog1\debug\pointsonstraightline.obj
c:\users\krasn\source\repos\sportprog1\sportprog1\debug\queueandstack.obj
c:\users\krasn\source\repos\sportprog1\sportprog1\debug\recreationroom.obj
c:\users\krasn\source\repos\sportprog1\sportprog1\debug\rightminusleft.obj
c:\users\krasn\source\repos\sportprog1\sportprog1\debug\schools.obj
c:\users\krasn\source\repos\sportprog1\sportprog1\debug\scobki.obj
c:\users\krasn\source\repos\sportprog1\sportprog1\debug\sets.obj
c:\users\krasn\source\repos\sportprog1\sportprog1\debug\source.obj
c:\users\krasn\source\repos\sportprog1\sportprog1\debug\squareandrectangle.obj
c:\users\krasn\source\repos\sportprog1\sportprog1\debug\sub-sections.obj
c:\users\krasn\source\repos\sportprog1\sportprog1\debug\sudoku.obj
c:\users\krasn\source\repos\sportprog1\sportprog1\debug\summaraz.obj
c:\users\krasn\source\repos\sportprog1\sportprog1\debug\sumofnumbersinarray.obj
c:\users\krasn\source\repos\sportprog1\sportprog1\debug\systemreg.obj
c:\users\krasn\source\repos\sportprog1\sportprog1\debug\tennis.obj
c:\users\krasn\source\repos\sportprog1\sportprog1\debug\traficjaminflowercity.obj
c:\users\krasn\source\repos\sportprog1\sportprog1\debug\twoheadsbetter.obj
c:\users\krasn\source\repos\sportprog1\sportprog1\debug\urock.obj
c:\users\krasn\source\repos\sportprog1\sportprog1\debug\vanyaandinscription.obj
c:\users\krasn\source\repos\sportprog1\sportprog1\debug\vityaresearch.obj
c:\users\krasn\source\repos\sportprog1\sportprog1\debug\xml-text.obj
c:\users\krasn\source\repos\sportprog1\sportprog1\debug\mergesort.obj.enc
c:\users\krasn\source\repos\sportprog1\sportprog1\debug\sumofnumbersinarray.obj.enc
c:\users\krasn\source\repos\sportprog1\sportprog1\debug\sportprog1.ilk
c:\users\krasn\source\repos\sportprog1\debug\sportprog1.pdb
c:\users\krasn\source\repos\sportprog1\debug\sportprog1.exe
c:\users\krasn\source\repos\sportprog1\sportprog1\debug\sportprog1.tlog\cl.command.1.tlog
c:\users\krasn\source\repos\sportprog1\sportprog1\debug\sportprog1.tlog\cl.read.1.tlog
c:\users\krasn\source\repos\sportprog1\sportprog1\debug\sportprog1.tlog\cl.write.1.tlog
c:\users\krasn\source\repos\sportprog1\sportprog1\debug\sportprog1.tlog\link.command.1.tlog
c:\users\krasn\source\repos\sportprog1\sportprog1\debug\sportprog1.tlog\link.read.1.tlog
c:\users\krasn\source\repos\sportprog1\sportprog1\debug\sportprog1.tlog\link.write.1.tlog
